Performing C SOURCE FILE Test HAVE_SSE succeeded with the following output:
Change Dir: '/home/avi/wireless/srsran_4g/build/CMakeFiles/CMakeTmp'

Run Build Command(s): /usr/bin/cmake -E env VERBOSE=1 /usr/bin/gmake -f Makefile cmTC_3a52e/fast
/usr/bin/gmake  -f CMakeFiles/cmTC_3a52e.dir/build.make CMakeFiles/cmTC_3a52e.dir/build
gmake[1]: Entering directory '/home/avi/wireless/srsran_4g/build/CMakeFiles/CMakeTmp'
Building C object CMakeFiles/cmTC_3a52e.dir/src.c.o
/usr/bin/cc   -DHAVE_SSE -msse4.1 -o CMakeFiles/cmTC_3a52e.dir/src.c.o -c /home/avi/wireless/srsran_4g/build/CMakeFiles/CMakeTmp/src.c
Linking C executable cmTC_3a52e
/usr/bin/cmake -E cmake_link_script CMakeFiles/cmTC_3a52e.dir/link.txt --verbose=1
/usr/bin/cc  -DHAVE_SSE -msse4.1 CMakeFiles/cmTC_3a52e.dir/src.c.o -o cmTC_3a52e
gmake[1]: Leaving directory '/home/avi/wireless/srsran_4g/build/CMakeFiles/CMakeTmp'


Return value: 1
Source file was:

        #include <emmintrin.h>
        #include <smmintrin.h>

        int main()
        {
        __m128i a = _mm_setzero_si128();
        __m128i b = _mm_minpos_epu16(a);
        return 0;
        }
Performing C SOURCE FILE Test HAVE_AVX succeeded with the following output:
Change Dir: '/home/avi/wireless/srsran_4g/build/CMakeFiles/CMakeTmp'

Run Build Command(s): /usr/bin/cmake -E env VERBOSE=1 /usr/bin/gmake -f Makefile cmTC_25a13/fast
/usr/bin/gmake  -f CMakeFiles/cmTC_25a13.dir/build.make CMakeFiles/cmTC_25a13.dir/build
gmake[1]: Entering directory '/home/avi/wireless/srsran_4g/build/CMakeFiles/CMakeTmp'
Building C object CMakeFiles/cmTC_25a13.dir/src.c.o
/usr/bin/cc   -DHAVE_AVX -mavx -o CMakeFiles/cmTC_25a13.dir/src.c.o -c /home/avi/wireless/srsran_4g/build/CMakeFiles/CMakeTmp/src.c
Linking C executable cmTC_25a13
/usr/bin/cmake -E cmake_link_script CMakeFiles/cmTC_25a13.dir/link.txt --verbose=1
/usr/bin/cc  -DHAVE_AVX -mavx CMakeFiles/cmTC_25a13.dir/src.c.o -o cmTC_25a13
gmake[1]: Leaving directory '/home/avi/wireless/srsran_4g/build/CMakeFiles/CMakeTmp'


Return value: 1
Source file was:

            #include <immintrin.h>
            int main()
            {
              __m256 a, b, c;
              const float src[8] = { 1.0f, 2.0f, 3.0f, 4.0f, 5.0f, 6.0f, 7.0f, 8.0f };
              float dst[8];
              a = _mm256_loadu_ps( src );
              b = _mm256_loadu_ps( src );
              c = _mm256_add_ps( a, b );
              _mm256_storeu_ps( dst, c );
              int i = 0;
              for( i = 0; i < 8; i++ ){
                if( ( src[i] + src[i] ) != dst[i] ){
                  return -1;
                }
              }
              return 0;
            }
Performing C SOURCE FILE Test HAVE_AVX2 succeeded with the following output:
Change Dir: '/home/avi/wireless/srsran_4g/build/CMakeFiles/CMakeTmp'

Run Build Command(s): /usr/bin/cmake -E env VERBOSE=1 /usr/bin/gmake -f Makefile cmTC_4fa23/fast
/usr/bin/gmake  -f CMakeFiles/cmTC_4fa23.dir/build.make CMakeFiles/cmTC_4fa23.dir/build
gmake[1]: Entering directory '/home/avi/wireless/srsran_4g/build/CMakeFiles/CMakeTmp'
Building C object CMakeFiles/cmTC_4fa23.dir/src.c.o
/usr/bin/cc   -DHAVE_AVX2 -mavx2 -o CMakeFiles/cmTC_4fa23.dir/src.c.o -c /home/avi/wireless/srsran_4g/build/CMakeFiles/CMakeTmp/src.c
Linking C executable cmTC_4fa23
/usr/bin/cmake -E cmake_link_script CMakeFiles/cmTC_4fa23.dir/link.txt --verbose=1
/usr/bin/cc  -DHAVE_AVX2 -mavx2 CMakeFiles/cmTC_4fa23.dir/src.c.o -o cmTC_4fa23
gmake[1]: Leaving directory '/home/avi/wireless/srsran_4g/build/CMakeFiles/CMakeTmp'


Return value: 1
Source file was:

          #include <immintrin.h>
          int main()
          {
            __m256i a, b, c;
            const int src[8] = { 1, 2, 3, 4, 5, 6, 7, 8 };
            int dst[8];
            a =  _mm256_loadu_si256( (__m256i*)src );
            b =  _mm256_loadu_si256( (__m256i*)src );
            c = _mm256_add_epi32( a, b );
            _mm256_storeu_si256( (__m256i*)dst, c );
            int i = 0;
            for( i = 0; i < 8; i++ ){
              if( ( src[i] + src[i] ) != dst[i] ){
                return -1;
              }
            }
            return 0;
          }
Performing C SOURCE FILE Test HAVE_FMA succeeded with the following output:
Change Dir: '/home/avi/wireless/srsran_4g/build/CMakeFiles/CMakeTmp'

Run Build Command(s): /usr/bin/cmake -E env VERBOSE=1 /usr/bin/gmake -f Makefile cmTC_3082b/fast
/usr/bin/gmake  -f CMakeFiles/cmTC_3082b.dir/build.make CMakeFiles/cmTC_3082b.dir/build
gmake[1]: Entering directory '/home/avi/wireless/srsran_4g/build/CMakeFiles/CMakeTmp'
Building C object CMakeFiles/cmTC_3082b.dir/src.c.o
/usr/bin/cc   -DHAVE_FMA -mfma -o CMakeFiles/cmTC_3082b.dir/src.c.o -c /home/avi/wireless/srsran_4g/build/CMakeFiles/CMakeTmp/src.c
Linking C executable cmTC_3082b
/usr/bin/cmake -E cmake_link_script CMakeFiles/cmTC_3082b.dir/link.txt --verbose=1
/usr/bin/cc  -DHAVE_FMA -mfma CMakeFiles/cmTC_3082b.dir/src.c.o -o cmTC_3082b
gmake[1]: Leaving directory '/home/avi/wireless/srsran_4g/build/CMakeFiles/CMakeTmp'


Return value: 1
Source file was:

            #include <immintrin.h>
            int main()
            {
              __m256 a, b, c, r;
              const float src[8] = { 1.0f, 2.0f, 3.0f, 4.0f, 5.0f, 6.0f, 7.0f, 8.0f };
              float dst[8];
              a = _mm256_loadu_ps( src );
              b = _mm256_loadu_ps( src );
              c = _mm256_loadu_ps( src );
              r = _mm256_fmadd_ps( a, b, c );
              _mm256_storeu_ps( dst, r );
              int i = 0;
              for( i = 0; i < 8; i++ ){
                if( ( src[i] * src[i] + src[i] ) != dst[i] ){
                  return -1;
                }
              }
              return 0;
            }
